<?xml version="1.0" encoding="UTF-8"?>
<!-- Generated by org.testng.reporters.JUnitReportReporter -->
<testsuite hostname="DESKTOP-VRBAL0D" failures="0" tests="1" name="com.excelr.testcases.LoginPageTest" time="24.610" errors="0" timestamp="2022-12-22T18:49:21 IST" skipped="0">
  <testcase classname="com.excelr.testcases.LoginPageTest" name="validateLoginTest" time="24.610"/>
  <system-out/>
</testsuite> <!-- com.excelr.testcases.LoginPageTest -->
