<?xml version="1.0" encoding="UTF-8"?>
<!-- Generated by org.testng.reporters.JUnitReportReporter -->
<testsuite hostname="DESKTOP-VRBAL0D" failures="0" tests="1" name="com.excelr.testcases.DashboardPageTest" time="11.640" errors="0" timestamp="2022-12-21T19:50:25 IST" skipped="0">
  <testcase classname="com.excelr.testcases.DashboardPageTest" name="validateQuickLaunchSection" time="11.640"/>
  <system-out/>
</testsuite> <!-- com.excelr.testcases.DashboardPageTest -->
